CRITICAL - 2023-06-03 01:33:39 --> Namespace declaration statement has to be the very first statement or after any declare call in the script
in APPPATH\Config\Routes.php on line 14.
 1 [internal function]: CodeIgniter\Debug\Exceptions->shutdownHandler()
CRITICAL - 2023-06-03 01:33:57 --> Namespace declaration statement has to be the very first statement or after any declare call in the script
in APPPATH\Config\Routes.php on line 4.
 1 [internal function]: CodeIgniter\Debug\Exceptions->shutdownHandler()
CRITICAL - 2023-06-03 01:34:11 --> Namespace declaration statement has to be the very first statement or after any declare call in the script
in APPPATH\Config\Routes.php on line 4.
 1 [internal function]: CodeIgniter\Debug\Exceptions->shutdownHandler()
CRITICAL - 2023-06-03 01:34:11 --> Namespace declaration statement has to be the very first statement or after any declare call in the script
in APPPATH\Config\Routes.php on line 4.
 1 [internal function]: CodeIgniter\Debug\Exceptions->shutdownHandler()
CRITICAL - 2023-06-03 01:34:18 --> syntax error, unexpected token "if"
in APPPATH\Controllers\CartController.php on line 59.
 1 SYSTEMPATH\Autoloader\Autoloader.php(289): CodeIgniter\Autoloader\Autoloader->includeFile('C:\\xampp\\htdocs\\Maciel_lautaro\\app\\Controllers\\cartController.php')
 2 SYSTEMPATH\Autoloader\Autoloader.php(267): CodeIgniter\Autoloader\Autoloader->loadInNamespace('App\\Controllers\\cartController')
 3 [internal function]: CodeIgniter\Autoloader\Autoloader->loadClass('App\\Controllers\\cartController')
 4 SYSTEMPATH\CodeIgniter.php(892): class_exists('\\App\\Controllers\\cartController', true)
 5 SYSTEMPATH\CodeIgniter.php(486): CodeIgniter\CodeIgniter->startController()
 6 SYSTEMPATH\CodeIgniter.php(368): CodeIgniter\CodeIgniter->handleRequest(null, Object(Config\Cache), false)
 7 FCPATH\index.php(67): CodeIgniter\CodeIgniter->run()
CRITICAL - 2023-06-03 01:34:53 --> syntax error, unexpected token "if"
in APPPATH\Controllers\CartController.php on line 59.
 1 SYSTEMPATH\Autoloader\Autoloader.php(289): CodeIgniter\Autoloader\Autoloader->includeFile('C:\\xampp\\htdocs\\Maciel_lautaro\\app\\Controllers\\cartController.php')
 2 SYSTEMPATH\Autoloader\Autoloader.php(267): CodeIgniter\Autoloader\Autoloader->loadInNamespace('App\\Controllers\\cartController')
 3 [internal function]: CodeIgniter\Autoloader\Autoloader->loadClass('App\\Controllers\\cartController')
 4 SYSTEMPATH\CodeIgniter.php(892): class_exists('\\App\\Controllers\\cartController', true)
 5 SYSTEMPATH\CodeIgniter.php(486): CodeIgniter\CodeIgniter->startController()
 6 SYSTEMPATH\CodeIgniter.php(368): CodeIgniter\CodeIgniter->handleRequest(null, Object(Config\Cache), false)
 7 FCPATH\index.php(67): CodeIgniter\CodeIgniter->run()
CRITICAL - 2023-06-03 01:35:35 --> syntax error, unexpected token "public", expecting end of file
in APPPATH\Controllers\CartController.php on line 71.
 1 SYSTEMPATH\Autoloader\Autoloader.php(289): CodeIgniter\Autoloader\Autoloader->includeFile('C:\\xampp\\htdocs\\Maciel_lautaro\\app\\Controllers\\cartController.php')
 2 SYSTEMPATH\Autoloader\Autoloader.php(267): CodeIgniter\Autoloader\Autoloader->loadInNamespace('App\\Controllers\\cartController')
 3 [internal function]: CodeIgniter\Autoloader\Autoloader->loadClass('App\\Controllers\\cartController')
 4 SYSTEMPATH\CodeIgniter.php(892): class_exists('\\App\\Controllers\\cartController', true)
 5 SYSTEMPATH\CodeIgniter.php(486): CodeIgniter\CodeIgniter->startController()
 6 SYSTEMPATH\CodeIgniter.php(368): CodeIgniter\CodeIgniter->handleRequest(null, Object(Config\Cache), false)
 7 FCPATH\index.php(67): CodeIgniter\CodeIgniter->run()
CRITICAL - 2023-06-03 01:35:45 --> syntax error, unexpected token "}"
in APPPATH\Controllers\CartController.php on line 103.
 1 SYSTEMPATH\Autoloader\Autoloader.php(289): CodeIgniter\Autoloader\Autoloader->includeFile('C:\\xampp\\htdocs\\Maciel_lautaro\\app\\Controllers\\cartController.php')
 2 SYSTEMPATH\Autoloader\Autoloader.php(267): CodeIgniter\Autoloader\Autoloader->loadInNamespace('App\\Controllers\\cartController')
 3 [internal function]: CodeIgniter\Autoloader\Autoloader->loadClass('App\\Controllers\\cartController')
 4 SYSTEMPATH\CodeIgniter.php(892): class_exists('\\App\\Controllers\\cartController', true)
 5 SYSTEMPATH\CodeIgniter.php(486): CodeIgniter\CodeIgniter->startController()
 6 SYSTEMPATH\CodeIgniter.php(368): CodeIgniter\CodeIgniter->handleRequest(null, Object(Config\Cache), false)
 7 FCPATH\index.php(67): CodeIgniter\CodeIgniter->run()
INFO - 2023-06-03 01:36:04 --> Session: Class initialized using 'CodeIgniter\Session\Handlers\FileHandler' driver.
INFO - 2023-06-03 01:36:04 --> Cart Class Initialized
CRITICAL - 2023-06-03 01:36:04 --> Undefined variable $data
in APPPATH\Controllers\CartController.php on line 84.
 1 APPPATH\Controllers\CartController.php(84): CodeIgniter\Debug\Exceptions->errorHandler(2, 'Undefined variable $data', 'C:\\xampp\\htdocs\\Maciel_lautaro\\app\\Controllers\\CartController.php', 84)
 2 SYSTEMPATH\CodeIgniter.php(934): App\Controllers\CartController->muestra()
 3 SYSTEMPATH\CodeIgniter.php(499): CodeIgniter\CodeIgniter->runController(Object(App\Controllers\CartController))
 4 SYSTEMPATH\CodeIgniter.php(368): CodeIgniter\CodeIgniter->handleRequest(null, Object(Config\Cache), false)
 5 FCPATH\index.php(67): CodeIgniter\CodeIgniter->run()
INFO - 2023-06-03 01:40:21 --> Session: Class initialized using 'CodeIgniter\Session\Handlers\FileHandler' driver.
INFO - 2023-06-03 01:40:21 --> Cart Class Initialized
INFO - 2023-06-03 01:40:31 --> Session: Class initialized using 'CodeIgniter\Session\Handlers\FileHandler' driver.
INFO - 2023-06-03 16:12:46 --> Session: Class initialized using 'CodeIgniter\Session\Handlers\FileHandler' driver.
CRITICAL - 2023-06-03 17:32:08 --> syntax error, unexpected variable "$routes"
in APPPATH\Config\Routes.php on line 76.
 1 SYSTEMPATH\CodeIgniter.php(802): CodeIgniter\Router\RouteCollection->loadRoutes()
 2 SYSTEMPATH\CodeIgniter.php(449): CodeIgniter\CodeIgniter->tryToRouteIt(null)
 3 SYSTEMPATH\CodeIgniter.php(368): CodeIgniter\CodeIgniter->handleRequest(null, Object(Config\Cache), false)
 4 FCPATH\index.php(67): CodeIgniter\CodeIgniter->run()
INFO - 2023-06-03 17:32:19 --> Session: Class initialized using 'CodeIgniter\Session\Handlers\FileHandler' driver.
INFO - 2023-06-03 17:37:04 --> Session: Class initialized using 'CodeIgniter\Session\Handlers\FileHandler' driver.
CRITICAL - 2023-06-03 17:37:04 --> Call to undefined function form_open()
in APPPATH\Views\backend\catalogo.php on line 40.
 1 SYSTEMPATH\View\View.php(213): include()
 2 SYSTEMPATH\View\View.php(216): CodeIgniter\View\View->CodeIgniter\View\{closure}()
 3 SYSTEMPATH\Common.php(1184): CodeIgniter\View\View->render('backend/catalogo', [], true)
 4 APPPATH\Controllers\sliderController.php(16): view('backend/catalogo', [...])
 5 SYSTEMPATH\CodeIgniter.php(934): App\Controllers\SliderController->index()
 6 SYSTEMPATH\CodeIgniter.php(499): CodeIgniter\CodeIgniter->runController(Object(App\Controllers\SliderController))
 7 SYSTEMPATH\CodeIgniter.php(368): CodeIgniter\CodeIgniter->handleRequest(null, Object(Config\Cache), false)
 8 FCPATH\index.php(67): CodeIgniter\CodeIgniter->run()
INFO - 2023-06-03 17:38:36 --> Session: Class initialized using 'CodeIgniter\Session\Handlers\FileHandler' driver.
CRITICAL - 2023-06-03 17:38:36 --> Undefined variable $row
in APPPATH\Views\backend\catalogo.php on line 41.
 1 APPPATH\Views\backend\catalogo.php(41): CodeIgniter\Debug\Exceptions->errorHandler(2, 'Undefined variable $row', 'C:\\xampp\\htdocs\\Maciel_lautaro\\app\\Views\\backend\\catalogo.php', 41)
 2 SYSTEMPATH\View\View.php(213): include('C:\\xampp\\htdocs\\Maciel_lautaro\\app\\Views\\backend\\catalogo.php')
 3 SYSTEMPATH\View\View.php(216): CodeIgniter\View\View->CodeIgniter\View\{closure}()
 4 SYSTEMPATH\Common.php(1184): CodeIgniter\View\View->render('backend/catalogo', [], true)
 5 APPPATH\Controllers\sliderController.php(17): view('backend/catalogo', [...])
 6 SYSTEMPATH\CodeIgniter.php(934): App\Controllers\SliderController->index()
 7 SYSTEMPATH\CodeIgniter.php(499): CodeIgniter\CodeIgniter->runController(Object(App\Controllers\SliderController))
 8 SYSTEMPATH\CodeIgniter.php(368): CodeIgniter\CodeIgniter->handleRequest(null, Object(Config\Cache), false)
 9 FCPATH\index.php(67): CodeIgniter\CodeIgniter->run()
INFO - 2023-06-03 17:38:36 --> Session: Class initialized using 'CodeIgniter\Session\Handlers\FileHandler' driver.
CRITICAL - 2023-06-03 17:38:37 --> Undefined variable $row
in APPPATH\Views\backend\catalogo.php on line 41.
 1 APPPATH\Views\backend\catalogo.php(41): CodeIgniter\Debug\Exceptions->errorHandler(2, 'Undefined variable $row', 'C:\\xampp\\htdocs\\Maciel_lautaro\\app\\Views\\backend\\catalogo.php', 41)
 2 SYSTEMPATH\View\View.php(213): include('C:\\xampp\\htdocs\\Maciel_lautaro\\app\\Views\\backend\\catalogo.php')
 3 SYSTEMPATH\View\View.php(216): CodeIgniter\View\View->CodeIgniter\View\{closure}()
 4 SYSTEMPATH\Common.php(1184): CodeIgniter\View\View->render('backend/catalogo', [], true)
 5 APPPATH\Controllers\sliderController.php(17): view('backend/catalogo', [...])
 6 SYSTEMPATH\CodeIgniter.php(934): App\Controllers\SliderController->index()
 7 SYSTEMPATH\CodeIgniter.php(499): CodeIgniter\CodeIgniter->runController(Object(App\Controllers\SliderController))
 8 SYSTEMPATH\CodeIgniter.php(368): CodeIgniter\CodeIgniter->handleRequest(null, Object(Config\Cache), false)
 9 FCPATH\index.php(67): CodeIgniter\CodeIgniter->run()
INFO - 2023-06-03 17:38:37 --> Session: Class initialized using 'CodeIgniter\Session\Handlers\FileHandler' driver.
CRITICAL - 2023-06-03 17:38:37 --> Undefined variable $row
in APPPATH\Views\backend\catalogo.php on line 41.
 1 APPPATH\Views\backend\catalogo.php(41): CodeIgniter\Debug\Exceptions->errorHandler(2, 'Undefined variable $row', 'C:\\xampp\\htdocs\\Maciel_lautaro\\app\\Views\\backend\\catalogo.php', 41)
 2 SYSTEMPATH\View\View.php(213): include('C:\\xampp\\htdocs\\Maciel_lautaro\\app\\Views\\backend\\catalogo.php')
 3 SYSTEMPATH\View\View.php(216): CodeIgniter\View\View->CodeIgniter\View\{closure}()
 4 SYSTEMPATH\Common.php(1184): CodeIgniter\View\View->render('backend/catalogo', [], true)
 5 APPPATH\Controllers\sliderController.php(17): view('backend/catalogo', [...])
 6 SYSTEMPATH\CodeIgniter.php(934): App\Controllers\SliderController->index()
 7 SYSTEMPATH\CodeIgniter.php(499): CodeIgniter\CodeIgniter->runController(Object(App\Controllers\SliderController))
 8 SYSTEMPATH\CodeIgniter.php(368): CodeIgniter\CodeIgniter->handleRequest(null, Object(Config\Cache), false)
 9 FCPATH\index.php(67): CodeIgniter\CodeIgniter->run()
INFO - 2023-06-03 18:11:56 --> Session: Class initialized using 'CodeIgniter\Session\Handlers\FileHandler' driver.
CRITICAL - 2023-06-03 18:11:56 --> Undefined array key "nombre_prod"
in APPPATH\Views\backend\catalogo.php on line 43.
 1 APPPATH\Views\backend\catalogo.php(43): CodeIgniter\Debug\Exceptions->errorHandler(2, 'Undefined array key "nombre_prod"', 'C:\\xampp\\htdocs\\Maciel_lautaro\\app\\Views\\backend\\catalogo.php', 43)
 2 SYSTEMPATH\View\View.php(213): include('C:\\xampp\\htdocs\\Maciel_lautaro\\app\\Views\\backend\\catalogo.php')
 3 SYSTEMPATH\View\View.php(216): CodeIgniter\View\View->CodeIgniter\View\{closure}()
 4 SYSTEMPATH\Common.php(1184): CodeIgniter\View\View->render('backend/catalogo', [], true)
 5 APPPATH\Controllers\sliderController.php(17): view('backend/catalogo', [...])
 6 SYSTEMPATH\CodeIgniter.php(934): App\Controllers\SliderController->index()
 7 SYSTEMPATH\CodeIgniter.php(499): CodeIgniter\CodeIgniter->runController(Object(App\Controllers\SliderController))
 8 SYSTEMPATH\CodeIgniter.php(368): CodeIgniter\CodeIgniter->handleRequest(null, Object(Config\Cache), false)
 9 FCPATH\index.php(67): CodeIgniter\CodeIgniter->run()
INFO - 2023-06-03 18:11:57 --> Session: Class initialized using 'CodeIgniter\Session\Handlers\FileHandler' driver.
CRITICAL - 2023-06-03 18:11:57 --> Undefined array key "nombre_prod"
in APPPATH\Views\backend\catalogo.php on line 43.
 1 APPPATH\Views\backend\catalogo.php(43): CodeIgniter\Debug\Exceptions->errorHandler(2, 'Undefined array key "nombre_prod"', 'C:\\xampp\\htdocs\\Maciel_lautaro\\app\\Views\\backend\\catalogo.php', 43)
 2 SYSTEMPATH\View\View.php(213): include('C:\\xampp\\htdocs\\Maciel_lautaro\\app\\Views\\backend\\catalogo.php')
 3 SYSTEMPATH\View\View.php(216): CodeIgniter\View\View->CodeIgniter\View\{closure}()
 4 SYSTEMPATH\Common.php(1184): CodeIgniter\View\View->render('backend/catalogo', [], true)
 5 APPPATH\Controllers\sliderController.php(17): view('backend/catalogo', [...])
 6 SYSTEMPATH\CodeIgniter.php(934): App\Controllers\SliderController->index()
 7 SYSTEMPATH\CodeIgniter.php(499): CodeIgniter\CodeIgniter->runController(Object(App\Controllers\SliderController))
 8 SYSTEMPATH\CodeIgniter.php(368): CodeIgniter\CodeIgniter->handleRequest(null, Object(Config\Cache), false)
 9 FCPATH\index.php(67): CodeIgniter\CodeIgniter->run()
INFO - 2023-06-03 18:12:26 --> Session: Class initialized using 'CodeIgniter\Session\Handlers\FileHandler' driver.
INFO - 2023-06-03 18:13:45 --> Session: Class initialized using 'CodeIgniter\Session\Handlers\FileHandler' driver.
INFO - 2023-06-03 18:40:18 --> Session: Class initialized using 'CodeIgniter\Session\Handlers\FileHandler' driver.
INFO - 2023-06-03 18:40:20 --> Session: Class initialized using 'CodeIgniter\Session\Handlers\FileHandler' driver.
INFO - 2023-06-03 18:40:20 --> Session: Class initialized using 'CodeIgniter\Session\Handlers\FileHandler' driver.
INFO - 2023-06-03 18:40:24 --> Session: Class initialized using 'CodeIgniter\Session\Handlers\FileHandler' driver.
INFO - 2023-06-03 18:40:42 --> Session: Class initialized using 'CodeIgniter\Session\Handlers\FileHandler' driver.
INFO - 2023-06-03 18:40:42 --> Cart Class Initialized
INFO - 2023-06-03 18:40:45 --> Session: Class initialized using 'CodeIgniter\Session\Handlers\FileHandler' driver.
INFO - 2023-06-03 18:40:47 --> Session: Class initialized using 'CodeIgniter\Session\Handlers\FileHandler' driver.
INFO - 2023-06-03 18:40:47 --> Session: Class initialized using 'CodeIgniter\Session\Handlers\FileHandler' driver.
INFO - 2023-06-03 18:42:36 --> Session: Class initialized using 'CodeIgniter\Session\Handlers\FileHandler' driver.
INFO - 2023-06-03 18:42:38 --> Session: Class initialized using 'CodeIgniter\Session\Handlers\FileHandler' driver.
INFO - 2023-06-03 18:42:40 --> Session: Class initialized using 'CodeIgniter\Session\Handlers\FileHandler' driver.
INFO - 2023-06-03 18:42:40 --> Session: Class initialized using 'CodeIgniter\Session\Handlers\FileHandler' driver.
INFO - 2023-06-03 18:42:43 --> Session: Class initialized using 'CodeIgniter\Session\Handlers\FileHandler' driver.
INFO - 2023-06-03 18:42:44 --> Session: Class initialized using 'CodeIgniter\Session\Handlers\FileHandler' driver.
INFO - 2023-06-03 18:42:46 --> Session: Class initialized using 'CodeIgniter\Session\Handlers\FileHandler' driver.
INFO - 2023-06-03 18:42:46 --> Session: Class initialized using 'CodeIgniter\Session\Handlers\FileHandler' driver.
INFO - 2023-06-03 18:48:06 --> Session: Class initialized using 'CodeIgniter\Session\Handlers\FileHandler' driver.
INFO - 2023-06-03 18:48:10 --> Session: Class initialized using 'CodeIgniter\Session\Handlers\FileHandler' driver.
INFO - 2023-06-03 18:48:11 --> Session: Class initialized using 'CodeIgniter\Session\Handlers\FileHandler' driver.
INFO - 2023-06-03 18:48:11 --> Session: Class initialized using 'CodeIgniter\Session\Handlers\FileHandler' driver.
INFO - 2023-06-03 18:48:13 --> Session: Class initialized using 'CodeIgniter\Session\Handlers\FileHandler' driver.
INFO - 2023-06-03 18:52:14 --> Session: Class initialized using 'CodeIgniter\Session\Handlers\FileHandler' driver.
INFO - 2023-06-03 19:13:35 --> Session: Class initialized using 'CodeIgniter\Session\Handlers\FileHandler' driver.
INFO - 2023-06-03 19:13:36 --> Session: Class initialized using 'CodeIgniter\Session\Handlers\FileHandler' driver.
INFO - 2023-06-03 19:13:36 --> Cart Class Initialized
ERROR - 2023-06-03 19:13:36 --> The cart array must contain a product ID, quantity, price, and name.
INFO - 2023-06-03 19:13:36 --> Session: Class initialized using 'CodeIgniter\Session\Handlers\FileHandler' driver.
INFO - 2023-06-03 19:14:10 --> Session: Class initialized using 'CodeIgniter\Session\Handlers\FileHandler' driver.
INFO - 2023-06-03 19:14:23 --> Session: Class initialized using 'CodeIgniter\Session\Handlers\FileHandler' driver.
INFO - 2023-06-03 19:14:23 --> Cart Class Initialized
INFO - 2023-06-03 19:14:25 --> Session: Class initialized using 'CodeIgniter\Session\Handlers\FileHandler' driver.
INFO - 2023-06-03 19:14:27 --> Session: Class initialized using 'CodeIgniter\Session\Handlers\FileHandler' driver.
INFO - 2023-06-03 19:14:27 --> Cart Class Initialized
ERROR - 2023-06-03 19:14:27 --> The cart array must contain a product ID, quantity, price, and name.
INFO - 2023-06-03 19:14:27 --> Session: Class initialized using 'CodeIgniter\Session\Handlers\FileHandler' driver.
INFO - 2023-06-03 19:14:32 --> Session: Class initialized using 'CodeIgniter\Session\Handlers\FileHandler' driver.
INFO - 2023-06-03 19:14:32 --> Cart Class Initialized
INFO - 2023-06-03 19:14:33 --> Session: Class initialized using 'CodeIgniter\Session\Handlers\FileHandler' driver.
INFO - 2023-06-03 19:14:59 --> Session: Class initialized using 'CodeIgniter\Session\Handlers\FileHandler' driver.
INFO - 2023-06-03 19:14:59 --> Cart Class Initialized
CRITICAL - 2023-06-03 19:14:59 --> syntax error, unexpected token "<", expecting end of file
in APPPATH\Views\backend\carrito_vista.php on line 11.
 1 SYSTEMPATH\View\View.php(216): CodeIgniter\View\View->CodeIgniter\View\{closure}()
 2 SYSTEMPATH\Common.php(1184): CodeIgniter\View\View->render('backend/carrito_vista', [], true)
 3 APPPATH\Controllers\CartController.php(85): view('backend/carrito_vista')
 4 SYSTEMPATH\CodeIgniter.php(934): App\Controllers\CartController->muestra()
 5 SYSTEMPATH\CodeIgniter.php(499): CodeIgniter\CodeIgniter->runController(Object(App\Controllers\CartController))
 6 SYSTEMPATH\CodeIgniter.php(368): CodeIgniter\CodeIgniter->handleRequest(null, Object(Config\Cache), false)
 7 FCPATH\index.php(67): CodeIgniter\CodeIgniter->run()
INFO - 2023-06-03 19:15:06 --> Session: Class initialized using 'CodeIgniter\Session\Handlers\FileHandler' driver.
INFO - 2023-06-03 19:15:06 --> Cart Class Initialized
CRITICAL - 2023-06-03 19:15:06 --> syntax error, unexpected token "<", expecting end of file
in APPPATH\Views\backend\carrito_vista.php on line 12.
 1 SYSTEMPATH\View\View.php(216): CodeIgniter\View\View->CodeIgniter\View\{closure}()
 2 SYSTEMPATH\Common.php(1184): CodeIgniter\View\View->render('backend/carrito_vista', [], true)
 3 APPPATH\Controllers\CartController.php(85): view('backend/carrito_vista')
 4 SYSTEMPATH\CodeIgniter.php(934): App\Controllers\CartController->muestra()
 5 SYSTEMPATH\CodeIgniter.php(499): CodeIgniter\CodeIgniter->runController(Object(App\Controllers\CartController))
 6 SYSTEMPATH\CodeIgniter.php(368): CodeIgniter\CodeIgniter->handleRequest(null, Object(Config\Cache), false)
 7 FCPATH\index.php(67): CodeIgniter\CodeIgniter->run()
INFO - 2023-06-03 19:15:18 --> Session: Class initialized using 'CodeIgniter\Session\Handlers\FileHandler' driver.
INFO - 2023-06-03 19:15:18 --> Cart Class Initialized
INFO - 2023-06-03 19:19:01 --> Session: Class initialized using 'CodeIgniter\Session\Handlers\FileHandler' driver.
INFO - 2023-06-03 19:19:03 --> Session: Class initialized using 'CodeIgniter\Session\Handlers\FileHandler' driver.
INFO - 2023-06-03 19:19:06 --> Session: Class initialized using 'CodeIgniter\Session\Handlers\FileHandler' driver.
INFO - 2023-06-03 19:19:06 --> Cart Class Initialized
ERROR - 2023-06-03 19:19:06 --> The cart array must contain a product ID, quantity, price, and name.
INFO - 2023-06-03 19:19:13 --> Session: Class initialized using 'CodeIgniter\Session\Handlers\FileHandler' driver.
INFO - 2023-06-03 19:20:03 --> Session: Class initialized using 'CodeIgniter\Session\Handlers\FileHandler' driver.
INFO - 2023-06-03 19:20:04 --> Session: Class initialized using 'CodeIgniter\Session\Handlers\FileHandler' driver.
INFO - 2023-06-03 19:20:04 --> Cart Class Initialized
ERROR - 2023-06-03 19:20:04 --> The cart array must contain a product ID, quantity, price, and name.
INFO - 2023-06-03 19:27:12 --> Session: Class initialized using 'CodeIgniter\Session\Handlers\FileHandler' driver.
INFO - 2023-06-03 19:27:14 --> Session: Class initialized using 'CodeIgniter\Session\Handlers\FileHandler' driver.
INFO - 2023-06-03 19:27:16 --> Session: Class initialized using 'CodeIgniter\Session\Handlers\FileHandler' driver.
INFO - 2023-06-03 19:27:16 --> Cart Class Initialized
INFO - 2023-06-03 19:27:16 --> Session: Class initialized using 'CodeIgniter\Session\Handlers\FileHandler' driver.
INFO - 2023-06-03 19:27:20 --> Session: Class initialized using 'CodeIgniter\Session\Handlers\FileHandler' driver.
INFO - 2023-06-03 19:27:20 --> Cart Class Initialized
INFO - 2023-06-03 19:34:51 --> Session: Class initialized using 'CodeIgniter\Session\Handlers\FileHandler' driver.
INFO - 2023-06-03 19:34:51 --> Cart Class Initialized
INFO - 2023-06-03 19:35:12 --> Session: Class initialized using 'CodeIgniter\Session\Handlers\FileHandler' driver.
INFO - 2023-06-03 19:35:12 --> Cart Class Initialized
INFO - 2023-06-03 19:59:54 --> Session: Class initialized using 'CodeIgniter\Session\Handlers\FileHandler' driver.
INFO - 2023-06-03 19:59:54 --> Cart Class Initialized
INFO - 2023-06-03 20:00:07 --> Session: Class initialized using 'CodeIgniter\Session\Handlers\FileHandler' driver.
INFO - 2023-06-03 20:00:07 --> Session: Class initialized using 'CodeIgniter\Session\Handlers\FileHandler' driver.
INFO - 2023-06-03 20:00:10 --> Session: Class initialized using 'CodeIgniter\Session\Handlers\FileHandler' driver.
INFO - 2023-06-03 20:00:10 --> Cart Class Initialized
INFO - 2023-06-03 20:00:12 --> Session: Class initialized using 'CodeIgniter\Session\Handlers\FileHandler' driver.
INFO - 2023-06-03 20:00:12 --> Cart Class Initialized
INFO - 2023-06-03 20:04:45 --> Session: Class initialized using 'CodeIgniter\Session\Handlers\FileHandler' driver.
INFO - 2023-06-03 20:04:45 --> Cart Class Initialized
INFO - 2023-06-03 20:04:46 --> Session: Class initialized using 'CodeIgniter\Session\Handlers\FileHandler' driver.
INFO - 2023-06-03 20:04:46 --> Cart Class Initialized
INFO - 2023-06-03 20:04:47 --> Session: Class initialized using 'CodeIgniter\Session\Handlers\FileHandler' driver.
INFO - 2023-06-03 20:04:47 --> Cart Class Initialized
INFO - 2023-06-03 20:05:54 --> Session: Class initialized using 'CodeIgniter\Session\Handlers\FileHandler' driver.
INFO - 2023-06-03 20:05:54 --> Cart Class Initialized
INFO - 2023-06-03 20:07:42 --> Session: Class initialized using 'CodeIgniter\Session\Handlers\FileHandler' driver.
INFO - 2023-06-03 20:07:42 --> Session: Class initialized using 'CodeIgniter\Session\Handlers\FileHandler' driver.
INFO - 2023-06-03 20:07:44 --> Session: Class initialized using 'CodeIgniter\Session\Handlers\FileHandler' driver.
INFO - 2023-06-03 20:07:44 --> Cart Class Initialized
INFO - 2023-06-03 20:08:07 --> Session: Class initialized using 'CodeIgniter\Session\Handlers\FileHandler' driver.
INFO - 2023-06-03 20:08:07 --> Cart Class Initialized
INFO - 2023-06-03 20:08:08 --> Session: Class initialized using 'CodeIgniter\Session\Handlers\FileHandler' driver.
INFO - 2023-06-03 20:08:08 --> Cart Class Initialized
INFO - 2023-06-03 20:10:53 --> Session: Class initialized using 'CodeIgniter\Session\Handlers\FileHandler' driver.
INFO - 2023-06-03 20:10:53 --> Cart Class Initialized
INFO - 2023-06-03 20:10:54 --> Session: Class initialized using 'CodeIgniter\Session\Handlers\FileHandler' driver.
INFO - 2023-06-03 20:10:54 --> Cart Class Initialized
INFO - 2023-06-03 20:10:56 --> Session: Class initialized using 'CodeIgniter\Session\Handlers\FileHandler' driver.
INFO - 2023-06-03 20:10:56 --> Cart Class Initialized
INFO - 2023-06-03 20:10:57 --> Session: Class initialized using 'CodeIgniter\Session\Handlers\FileHandler' driver.
INFO - 2023-06-03 20:10:57 --> Cart Class Initialized
INFO - 2023-06-03 20:11:02 --> Session: Class initialized using 'CodeIgniter\Session\Handlers\FileHandler' driver.
INFO - 2023-06-03 20:11:02 --> Cart Class Initialized
INFO - 2023-06-03 20:11:15 --> Session: Class initialized using 'CodeIgniter\Session\Handlers\FileHandler' driver.
INFO - 2023-06-03 20:11:15 --> Cart Class Initialized
INFO - 2023-06-03 20:11:17 --> Session: Class initialized using 'CodeIgniter\Session\Handlers\FileHandler' driver.
INFO - 2023-06-03 20:11:18 --> Session: Class initialized using 'CodeIgniter\Session\Handlers\FileHandler' driver.
INFO - 2023-06-03 20:11:18 --> Cart Class Initialized
INFO - 2023-06-03 20:11:18 --> Session: Class initialized using 'CodeIgniter\Session\Handlers\FileHandler' driver.
INFO - 2023-06-03 20:11:20 --> Session: Class initialized using 'CodeIgniter\Session\Handlers\FileHandler' driver.
INFO - 2023-06-03 20:11:22 --> Session: Class initialized using 'CodeIgniter\Session\Handlers\FileHandler' driver.
INFO - 2023-06-03 20:11:22 --> Cart Class Initialized
INFO - 2023-06-03 20:11:25 --> Session: Class initialized using 'CodeIgniter\Session\Handlers\FileHandler' driver.
INFO - 2023-06-03 20:11:25 --> Cart Class Initialized
INFO - 2023-06-03 20:11:25 --> Session: Class initialized using 'CodeIgniter\Session\Handlers\FileHandler' driver.
INFO - 2023-06-03 20:11:25 --> Cart Class Initialized
INFO - 2023-06-03 20:11:27 --> Session: Class initialized using 'CodeIgniter\Session\Handlers\FileHandler' driver.
INFO - 2023-06-03 20:11:27 --> Cart Class Initialized
CRITICAL - 2023-06-03 22:24:22 --> Unclosed '{' on line 8
in APPPATH\Controllers\CartController.php on line 94.
 1 SYSTEMPATH\Autoloader\Autoloader.php(289): CodeIgniter\Autoloader\Autoloader->includeFile('C:\\xampp\\htdocs\\Maciel_lautaro\\app\\Controllers\\Cartcontroller.php')
 2 SYSTEMPATH\Autoloader\Autoloader.php(267): CodeIgniter\Autoloader\Autoloader->loadInNamespace('App\\Controllers\\Cartcontroller')
 3 [internal function]: CodeIgniter\Autoloader\Autoloader->loadClass('App\\Controllers\\Cartcontroller')
 4 SYSTEMPATH\CodeIgniter.php(892): class_exists('\\App\\Controllers\\Cartcontroller', true)
 5 SYSTEMPATH\CodeIgniter.php(486): CodeIgniter\CodeIgniter->startController()
 6 SYSTEMPATH\CodeIgniter.php(368): CodeIgniter\CodeIgniter->handleRequest(null, Object(Config\Cache), false)
 7 FCPATH\index.php(67): CodeIgniter\CodeIgniter->run()
INFO - 2023-06-03 22:24:51 --> Session: Class initialized using 'CodeIgniter\Session\Handlers\FileHandler' driver.
INFO - 2023-06-03 22:24:51 --> Cart Class Initialized
CRITICAL - 2023-06-03 22:24:59 --> Class "App\Controllers\categoria_model" not found
in APPPATH\Controllers\ProductoController.php on line 25.
 1 SYSTEMPATH\CodeIgniter.php(934): App\Controllers\ProductoController->alta_producto()
 2 SYSTEMPATH\CodeIgniter.php(499): CodeIgniter\CodeIgniter->runController(Object(App\Controllers\ProductoController))
 3 SYSTEMPATH\CodeIgniter.php(368): CodeIgniter\CodeIgniter->handleRequest(null, Object(Config\Cache), false)
 4 FCPATH\index.php(67): CodeIgniter\CodeIgniter->run()
CRITICAL - 2023-06-03 22:25:29 --> Class "App\Controllers\Categoria_model" not found
in APPPATH\Controllers\ProductoController.php on line 25.
 1 SYSTEMPATH\CodeIgniter.php(934): App\Controllers\ProductoController->alta_producto()
 2 SYSTEMPATH\CodeIgniter.php(499): CodeIgniter\CodeIgniter->runController(Object(App\Controllers\ProductoController))
 3 SYSTEMPATH\CodeIgniter.php(368): CodeIgniter\CodeIgniter->handleRequest(null, Object(Config\Cache), false)
 4 FCPATH\index.php(67): CodeIgniter\CodeIgniter->run()
CRITICAL - 2023-06-03 22:25:30 --> Class "App\Controllers\Categoria_model" not found
in APPPATH\Controllers\ProductoController.php on line 25.
 1 SYSTEMPATH\CodeIgniter.php(934): App\Controllers\ProductoController->alta_producto()
 2 SYSTEMPATH\CodeIgniter.php(499): CodeIgniter\CodeIgniter->runController(Object(App\Controllers\ProductoController))
 3 SYSTEMPATH\CodeIgniter.php(368): CodeIgniter\CodeIgniter->handleRequest(null, Object(Config\Cache), false)
 4 FCPATH\index.php(67): CodeIgniter\CodeIgniter->run()
CRITICAL - 2023-06-03 22:25:30 --> Class "App\Controllers\Categoria_model" not found
in APPPATH\Controllers\ProductoController.php on line 25.
 1 SYSTEMPATH\CodeIgniter.php(934): App\Controllers\ProductoController->alta_producto()
 2 SYSTEMPATH\CodeIgniter.php(499): CodeIgniter\CodeIgniter->runController(Object(App\Controllers\ProductoController))
 3 SYSTEMPATH\CodeIgniter.php(368): CodeIgniter\CodeIgniter->handleRequest(null, Object(Config\Cache), false)
 4 FCPATH\index.php(67): CodeIgniter\CodeIgniter->run()
CRITICAL - 2023-06-03 22:25:31 --> Class "App\Controllers\Categoria_model" not found
in APPPATH\Controllers\ProductoController.php on line 25.
 1 SYSTEMPATH\CodeIgniter.php(934): App\Controllers\ProductoController->alta_producto()
 2 SYSTEMPATH\CodeIgniter.php(499): CodeIgniter\CodeIgniter->runController(Object(App\Controllers\ProductoController))
 3 SYSTEMPATH\CodeIgniter.php(368): CodeIgniter\CodeIgniter->handleRequest(null, Object(Config\Cache), false)
 4 FCPATH\index.php(67): CodeIgniter\CodeIgniter->run()
CRITICAL - 2023-06-03 22:25:31 --> Class "App\Controllers\Categoria_model" not found
in APPPATH\Controllers\ProductoController.php on line 25.
 1 SYSTEMPATH\CodeIgniter.php(934): App\Controllers\ProductoController->alta_producto()
 2 SYSTEMPATH\CodeIgniter.php(499): CodeIgniter\CodeIgniter->runController(Object(App\Controllers\ProductoController))
 3 SYSTEMPATH\CodeIgniter.php(368): CodeIgniter\CodeIgniter->handleRequest(null, Object(Config\Cache), false)
 4 FCPATH\index.php(67): CodeIgniter\CodeIgniter->run()
CRITICAL - 2023-06-03 22:25:31 --> Class "App\Controllers\Categoria_model" not found
in APPPATH\Controllers\ProductoController.php on line 25.
 1 SYSTEMPATH\CodeIgniter.php(934): App\Controllers\ProductoController->alta_producto()
 2 SYSTEMPATH\CodeIgniter.php(499): CodeIgniter\CodeIgniter->runController(Object(App\Controllers\ProductoController))
 3 SYSTEMPATH\CodeIgniter.php(368): CodeIgniter\CodeIgniter->handleRequest(null, Object(Config\Cache), false)
 4 FCPATH\index.php(67): CodeIgniter\CodeIgniter->run()
CRITICAL - 2023-06-03 22:25:31 --> Class "App\Controllers\Categoria_model" not found
in APPPATH\Controllers\ProductoController.php on line 25.
 1 SYSTEMPATH\CodeIgniter.php(934): App\Controllers\ProductoController->alta_producto()
 2 SYSTEMPATH\CodeIgniter.php(499): CodeIgniter\CodeIgniter->runController(Object(App\Controllers\ProductoController))
 3 SYSTEMPATH\CodeIgniter.php(368): CodeIgniter\CodeIgniter->handleRequest(null, Object(Config\Cache), false)
 4 FCPATH\index.php(67): CodeIgniter\CodeIgniter->run()
CRITICAL - 2023-06-03 22:25:32 --> Class "App\Controllers\Categoria_model" not found
in APPPATH\Controllers\ProductoController.php on line 25.
 1 SYSTEMPATH\CodeIgniter.php(934): App\Controllers\ProductoController->alta_producto()
 2 SYSTEMPATH\CodeIgniter.php(499): CodeIgniter\CodeIgniter->runController(Object(App\Controllers\ProductoController))
 3 SYSTEMPATH\CodeIgniter.php(368): CodeIgniter\CodeIgniter->handleRequest(null, Object(Config\Cache), false)
 4 FCPATH\index.php(67): CodeIgniter\CodeIgniter->run()
CRITICAL - 2023-06-03 22:25:32 --> Class "App\Controllers\Categoria_model" not found
in APPPATH\Controllers\ProductoController.php on line 25.
 1 SYSTEMPATH\CodeIgniter.php(934): App\Controllers\ProductoController->alta_producto()
 2 SYSTEMPATH\CodeIgniter.php(499): CodeIgniter\CodeIgniter->runController(Object(App\Controllers\ProductoController))
 3 SYSTEMPATH\CodeIgniter.php(368): CodeIgniter\CodeIgniter->handleRequest(null, Object(Config\Cache), false)
 4 FCPATH\index.php(67): CodeIgniter\CodeIgniter->run()
CRITICAL - 2023-06-03 22:25:52 --> Undefined variable $categoriasmodek
in APPPATH\Controllers\ProductoController.php on line 26.
 1 APPPATH\Controllers\ProductoController.php(26): CodeIgniter\Debug\Exceptions->errorHandler(2, 'Undefined variable $categoriasmodek', 'C:\\xampp\\htdocs\\Maciel_lautaro\\app\\Controllers\\ProductoController.php', 26)
 2 SYSTEMPATH\CodeIgniter.php(934): App\Controllers\ProductoController->alta_producto()
 3 SYSTEMPATH\CodeIgniter.php(499): CodeIgniter\CodeIgniter->runController(Object(App\Controllers\ProductoController))
 4 SYSTEMPATH\CodeIgniter.php(368): CodeIgniter\CodeIgniter->handleRequest(null, Object(Config\Cache), false)
 5 FCPATH\index.php(67): CodeIgniter\CodeIgniter->run()
CRITICAL - 2023-06-03 22:26:05 --> Undefined variable $categoriasmodek
in APPPATH\Controllers\ProductoController.php on line 26.
 1 APPPATH\Controllers\ProductoController.php(26): CodeIgniter\Debug\Exceptions->errorHandler(2, 'Undefined variable $categoriasmodek', 'C:\\xampp\\htdocs\\Maciel_lautaro\\app\\Controllers\\ProductoController.php', 26)
 2 SYSTEMPATH\CodeIgniter.php(934): App\Controllers\ProductoController->alta_producto()
 3 SYSTEMPATH\CodeIgniter.php(499): CodeIgniter\CodeIgniter->runController(Object(App\Controllers\ProductoController))
 4 SYSTEMPATH\CodeIgniter.php(368): CodeIgniter\CodeIgniter->handleRequest(null, Object(Config\Cache), false)
 5 FCPATH\index.php(67): CodeIgniter\CodeIgniter->run()
CRITICAL - 2023-06-03 22:26:05 --> Undefined variable $categoriasmodek
in APPPATH\Controllers\ProductoController.php on line 26.
 1 APPPATH\Controllers\ProductoController.php(26): CodeIgniter\Debug\Exceptions->errorHandler(2, 'Undefined variable $categoriasmodek', 'C:\\xampp\\htdocs\\Maciel_lautaro\\app\\Controllers\\ProductoController.php', 26)
 2 SYSTEMPATH\CodeIgniter.php(934): App\Controllers\ProductoController->alta_producto()
 3 SYSTEMPATH\CodeIgniter.php(499): CodeIgniter\CodeIgniter->runController(Object(App\Controllers\ProductoController))
 4 SYSTEMPATH\CodeIgniter.php(368): CodeIgniter\CodeIgniter->handleRequest(null, Object(Config\Cache), false)
 5 FCPATH\index.php(67): CodeIgniter\CodeIgniter->run()
CRITICAL - 2023-06-03 22:26:06 --> Undefined variable $categoriasmodek
in APPPATH\Controllers\ProductoController.php on line 26.
 1 APPPATH\Controllers\ProductoController.php(26): CodeIgniter\Debug\Exceptions->errorHandler(2, 'Undefined variable $categoriasmodek', 'C:\\xampp\\htdocs\\Maciel_lautaro\\app\\Controllers\\ProductoController.php', 26)
 2 SYSTEMPATH\CodeIgniter.php(934): App\Controllers\ProductoController->alta_producto()
 3 SYSTEMPATH\CodeIgniter.php(499): CodeIgniter\CodeIgniter->runController(Object(App\Controllers\ProductoController))
 4 SYSTEMPATH\CodeIgniter.php(368): CodeIgniter\CodeIgniter->handleRequest(null, Object(Config\Cache), false)
 5 FCPATH\index.php(67): CodeIgniter\CodeIgniter->run()
CRITICAL - 2023-06-03 22:26:06 --> Undefined variable $categoriasmodek
in APPPATH\Controllers\ProductoController.php on line 26.
 1 APPPATH\Controllers\ProductoController.php(26): CodeIgniter\Debug\Exceptions->errorHandler(2, 'Undefined variable $categoriasmodek', 'C:\\xampp\\htdocs\\Maciel_lautaro\\app\\Controllers\\ProductoController.php', 26)
 2 SYSTEMPATH\CodeIgniter.php(934): App\Controllers\ProductoController->alta_producto()
 3 SYSTEMPATH\CodeIgniter.php(499): CodeIgniter\CodeIgniter->runController(Object(App\Controllers\ProductoController))
 4 SYSTEMPATH\CodeIgniter.php(368): CodeIgniter\CodeIgniter->handleRequest(null, Object(Config\Cache), false)
 5 FCPATH\index.php(67): CodeIgniter\CodeIgniter->run()
CRITICAL - 2023-06-03 22:26:06 --> Undefined variable $categoriasmodek
in APPPATH\Controllers\ProductoController.php on line 26.
 1 APPPATH\Controllers\ProductoController.php(26): CodeIgniter\Debug\Exceptions->errorHandler(2, 'Undefined variable $categoriasmodek', 'C:\\xampp\\htdocs\\Maciel_lautaro\\app\\Controllers\\ProductoController.php', 26)
 2 SYSTEMPATH\CodeIgniter.php(934): App\Controllers\ProductoController->alta_producto()
 3 SYSTEMPATH\CodeIgniter.php(499): CodeIgniter\CodeIgniter->runController(Object(App\Controllers\ProductoController))
 4 SYSTEMPATH\CodeIgniter.php(368): CodeIgniter\CodeIgniter->handleRequest(null, Object(Config\Cache), false)
 5 FCPATH\index.php(67): CodeIgniter\CodeIgniter->run()
CRITICAL - 2023-06-03 22:26:06 --> Undefined variable $categoriasmodek
in APPPATH\Controllers\ProductoController.php on line 26.
 1 APPPATH\Controllers\ProductoController.php(26): CodeIgniter\Debug\Exceptions->errorHandler(2, 'Undefined variable $categoriasmodek', 'C:\\xampp\\htdocs\\Maciel_lautaro\\app\\Controllers\\ProductoController.php', 26)
 2 SYSTEMPATH\CodeIgniter.php(934): App\Controllers\ProductoController->alta_producto()
 3 SYSTEMPATH\CodeIgniter.php(499): CodeIgniter\CodeIgniter->runController(Object(App\Controllers\ProductoController))
 4 SYSTEMPATH\CodeIgniter.php(368): CodeIgniter\CodeIgniter->handleRequest(null, Object(Config\Cache), false)
 5 FCPATH\index.php(67): CodeIgniter\CodeIgniter->run()
INFO - 2023-06-03 22:26:21 --> Session: Class initialized using 'CodeIgniter\Session\Handlers\FileHandler' driver.
